<?xml version="1.0" encoding="UTF-8"?>
<!-- Generated by org.testng.reporters.JUnitReportReporter -->
<testsuite skipped="0" hostname="DESKTOP-351J7U1" name="jenkins.JenkinsDemo" tests="1" failures="0" timestamp="2020-01-20T01:33:56 IST" time="6.568" errors="0">
  <testcase name="test" time="6.568" classname="jenkins.JenkinsDemo"/>
</testsuite> <!-- jenkins.JenkinsDemo -->
